SF:lib/views/login_view.dart
DA:9,1
DA:12,1
DA:13,1
DA:19,1
DA:20,2
DA:21,1
DA:22,2
DA:26,1
DA:28,1
DA:29,1
DA:30,1
DA:31,1
DA:32,1
DA:34,1
DA:35,1
DA:36,1
DA:37,1
DA:38,1
DA:39,1
DA:41,1
DA:42,2
DA:43,3
DA:47,2
DA:53,1
DA:55,1
DA:56,1
DA:57,2
DA:61,1
DA:62,1
DA:63,1
DA:64,2
DA:65,1
DA:66,2
DA:70,3
LF:34
LH:34
end_of_record
SF:lib/components/login_form.dart
DA:7,1
DA:10,1
DA:11,1
DA:18,1
DA:20,1
DA:21,1
DA:22,1
DA:23,1
DA:24,1
DA:28,1
DA:30,1
DA:36,1
DA:40,2
DA:41,1
DA:43,2
DA:49,1
DA:52,1
DA:53,3
DA:54,3
DA:55,2
DA:56,1
DA:61,2
LF:22
LH:22
end_of_record
SF:lib/utils/validate_email.dart
DA:1,1
DA:2,1
DA:4,1
LF:3
LH:3
end_of_record
SF:lib/components/register_form.dart
DA:7,1
DA:9,1
DA:10,1
DA:16,1
DA:17,3
DA:18,2
DA:19,1
DA:24,1
DA:26,1
DA:27,1
DA:28,1
DA:29,1
DA:30,1
DA:33,1
DA:34,1
DA:38,1
DA:41,1
DA:42,1
DA:46,1
DA:49,1
DA:50,1
DA:53,1
DA:54,1
DA:58,1
DA:61,1
DA:62,1
DA:63,1
DA:67,1
DA:69,1
DA:72,2
LF:30
LH:30
end_of_record
